<?xml version="1.0" encoding="UTF-8"?>
<testng-results ignored="0" total="1" passed="1" failed="0" skipped="0">
  <reporter-output>
  </reporter-output>
  <suite started-at="2022-06-26T17:54:37Z" name="Default suite" finished-at="2022-06-26T17:54:39Z" duration-ms="2185">
    <groups>
    </groups>
    <test started-at="2022-06-26T17:54:37Z" name="Default test" finished-at="2022-06-26T17:54:39Z" duration-ms="2185">
      <class name="test.LoginTest">
        <test-method signature="validUserShouldBeAbleLogin()[pri:0, instance:test.LoginTest@490caf5f]" started-at="2022-06-26T17:54:37Z" name="validUserShouldBeAbleLogin" finished-at="2022-06-26T17:54:39Z" duration-ms="2166" status="PASS">
          <reporter-output>
          </reporter-output>
        </test-method> <!-- validUserShouldBeAbleLogin -->
      </class> <!-- test.LoginTest -->
    </test> <!-- Default test -->
  </suite> <!-- Default suite -->
</testng-results>
