<?xml version="1.0" encoding="UTF-8"?>
<testng-results skipped="0" failed="0" ignored="0" total="1" passed="1">
  <reporter-output>
  </reporter-output>
  <suite name="Default suite" duration-ms="4537" started-at="2022-07-10T16:08:54 CDT" finished-at="2022-07-10T16:08:58 CDT">
    <groups>
    </groups>
    <test name="Default test" duration-ms="4537" started-at="2022-07-10T16:08:54 CDT" finished-at="2022-07-10T16:08:58 CDT">
      <class name="test.LoginTest">
        <test-method status="PASS" signature="validUserShouldBeAbleLogin()[pri:0, instance:test.LoginTest@15d0c81b]" name="validUserShouldBeAbleLogin" duration-ms="4505" started-at="2022-07-10T16:08:54 CDT" finished-at="2022-07-10T16:08:58 CDT">
          <reporter-output>
          </reporter-output>
        </test-method> <!-- validUserShouldBeAbleLogin -->
      </class> <!-- test.LoginTest -->
    </test> <!-- Default test -->
  </suite> <!-- Default suite -->
</testng-results>
